Tweet by : @Monkilla1
retweeted the tweet
Tweet by : @ImagesByJonEvan
retweeted the tweet
Tweet by : @ZeflonexHS
[{'code': 327, 'message': 'You have already retweeted this Tweet.'}]
Tweet by : @ZeflonexHS
[{'code': 327, 'message': 'You have already retweeted this Tweet.'}]
Tweet by : @TenerifePunto
retweeted the tweet
Tweet by : @ZeflonexHS
[{'code': 327, 'message': 'You have already retweeted this Tweet.'}]
Tweet by : @ZeflonexHS
[{'code': 327, 'message': 'You have already retweeted this Tweet.'}]
Tweet by : @ZeflonexHS
[{'code': 327, 'message': 'You have already retweeted this Tweet.'}]
Tweet by : @ZeflonexHS
[{'code': 327, 'message': 'You have already retweeted this Tweet.'}]
Tweet by : @OfficeCoffeeCo
retweeted the tweet
